<?xml version="1.0" encoding="UTF-8"?>
<!-- Generated by org.testng.reporters.JUnitXMLReporter -->
<testsuite hostname="DESKTOP-P4DILQK" name="UnitTesting" tests="4" failures="0" timestamp="15 Apr 2020 19:22:16 GMT" time="26.013" errors="0">
  <testcase name="parallelTestScript3" time="16.117" classname="testngpackage.ParallelTestNGTestScripts"/>
  <testcase name="parallelTestScript1" time="20.002" classname="testngpackage.ParallelTestNGTestScripts"/>
  <testcase name="parallelTestScript2" time="24.63" classname="testngpackage.ParallelTestNGTestScripts"/>
  <testcase name="parallelTestScript4" time="25.922" classname="testngpackage.ParallelTestNGTestScripts"/>
</testsuite> <!-- UnitTesting -->
