<?xml version="1.0" encoding="UTF-8"?>
<testng-results skipped="0" failed="0" total="1" passed="1">
  <reporter-output>
  </reporter-output>
  <suite name="Default suite" duration-ms="11908" started-at="2020-04-16T19:09:31Z" finished-at="2020-04-16T19:09:43Z">
    <groups>
    </groups>
    <test name="Default test" duration-ms="11908" started-at="2020-04-16T19:09:31Z" finished-at="2020-04-16T19:09:43Z">
      <class name="testngpackage.CaptureScreenshot">
        <test-method status="PASS" signature="captureScreenShot()[pri:0, instance:testngpackage.CaptureScreenshot@256216b3]" name="captureScreenShot" duration-ms="11884" started-at="2020-04-16T15:09:31Z" finished-at="2020-04-16T15:09:43Z">
          <reporter-output>
          </reporter-output>
        </test-method> <!-- captureScreenShot -->
      </class> <!-- testngpackage.CaptureScreenshot -->
    </test> <!-- Default test -->
  </suite> <!-- Default suite -->
</testng-results>
